[INFO] [2018-01-25 16:42:01][org.springframework.beans.factory.xml.XmlBeanDefinitionReader]Loading XML bean definitions from class path resource [spring-mybatis.xml]
 [INFO] [2018-01-25 16:42:02][org.springframework.context.support.GenericApplicationContext]Refreshing org.springframework.context.support.GenericApplicationContext@246ae04d: startup date [Thu Jan 25 16:42:02 CST 2018]; root of context hierarchy
 [INFO] [2018-01-25 16:42:02][org.springframework.beans.factory.config.PropertyPlaceholderConfigurer]Loading properties file from class path resource [jdbc.properties]
 [INFO] [2018-01-25 16:42:02][org.springframework.beans.factory.annotation.AutowiredAnnotationBeanPostProcessor]JSR-330 'javax.inject.Inject' annotation found and supported for autowiring
 [INFO] [2018-01-25 16:42:04][javaEEWeb.testSpringMybatis]名字：jack
 [INFO] [2018-01-25 16:42:04][org.springframework.context.support.GenericApplicationContext]Closing org.springframework.context.support.GenericApplicationContext@246ae04d: startup date [Thu Jan 25 16:42:02 CST 2018]; root of context hierarchy
 [INFO] [2018-01-26 11:50:26][org.springframework.beans.factory.xml.XmlBeanDefinitionReader]Loading XML bean definitions from class path resource [spring-mybatis.xml]
 [INFO] [2018-01-26 11:50:27][org.springframework.context.support.GenericApplicationContext]Refreshing org.springframework.context.support.GenericApplicationContext@2c9f9fb0: startup date [Fri Jan 26 11:50:27 CST 2018]; root of context hierarchy
 [INFO] [2018-01-26 11:50:27][org.springframework.beans.factory.config.PropertyPlaceholderConfigurer]Loading properties file from class path resource [jdbc.properties]
 [INFO] [2018-01-26 11:50:27][org.springframework.beans.factory.annotation.AutowiredAnnotationBeanPostProcessor]JSR-330 'javax.inject.Inject' annotation found and supported for autowiring
 [INFO] [2018-01-26 11:50:29][javaEEWeb.testSpringMybatis]名字：jack
 [INFO] [2018-01-26 11:50:29][org.springframework.context.support.GenericApplicationContext]Closing org.springframework.context.support.GenericApplicationContext@2c9f9fb0: startup date [Fri Jan 26 11:50:27 CST 2018]; root of context hierarchy
 [INFO] [2018-03-08 17:23:56][org.springframework.context.support.ClassPathXmlApplicationContext]Refreshing org.springframework.context.support.ClassPathXmlApplicationContext@f5f2bb7: startup date [Thu Mar 08 17:23:56 CST 2018]; root of context hierarchy
 [INFO] [2018-03-08 17:23:56][org.springframework.beans.factory.xml.XmlBeanDefinitionReader]Loading XML bean definitions from class path resource [spring-mybatis.xml]
 [INFO] [2018-03-08 17:23:57][org.springframework.beans.factory.config.PropertyPlaceholderConfigurer]Loading properties file from class path resource [jdbc.properties]
 [INFO] [2018-03-08 17:23:57][org.springframework.beans.factory.annotation.AutowiredAnnotationBeanPostProcessor]JSR-330 'javax.inject.Inject' annotation found and supported for autowiring
 [INFO] [2018-03-08 17:25:59][org.springframework.beans.factory.xml.XmlBeanDefinitionReader]Loading XML bean definitions from class path resource [spring-mybatis.xml]
 [INFO] [2018-03-08 17:25:59][org.springframework.context.support.GenericApplicationContext]Refreshing org.springframework.context.support.GenericApplicationContext@234bef66: startup date [Thu Mar 08 17:25:59 CST 2018]; root of context hierarchy
 [INFO] [2018-03-08 17:25:59][org.springframework.beans.factory.config.PropertyPlaceholderConfigurer]Loading properties file from class path resource [jdbc.properties]
 [INFO] [2018-03-08 17:25:59][org.springframework.beans.factory.annotation.AutowiredAnnotationBeanPostProcessor]JSR-330 'javax.inject.Inject' annotation found and supported for autowiring
 [INFO] [2018-03-08 17:26:00][javaEEWeb.testSpringMybatis]名字：jack
 [INFO] [2018-03-08 17:26:00][org.springframework.context.support.GenericApplicationContext]Closing org.springframework.context.support.GenericApplicationContext@234bef66: startup date [Thu Mar 08 17:25:59 CST 2018]; root of context hierarchy
 [INFO] [2018-03-08 17:26:21][org.springframework.context.support.ClassPathXmlApplicationContext]Refreshing org.springframework.context.support.ClassPathXmlApplicationContext@f5f2bb7: startup date [Thu Mar 08 17:26:21 CST 2018]; root of context hierarchy
 [INFO] [2018-03-08 17:26:21][org.springframework.beans.factory.xml.XmlBeanDefinitionReader]Loading XML bean definitions from class path resource [spring-mybatis.xml]
 [INFO] [2018-03-08 17:26:22][org.springframework.beans.factory.config.PropertyPlaceholderConfigurer]Loading properties file from class path resource [jdbc.properties]
 [INFO] [2018-03-08 17:26:22][org.springframework.beans.factory.annotation.AutowiredAnnotationBeanPostProcessor]JSR-330 'javax.inject.Inject' annotation found and supported for autowiring
 [INFO] [2018-03-08 17:28:08][org.springframework.beans.factory.xml.XmlBeanDefinitionReader]Loading XML bean definitions from class path resource [spring-mybatis.xml]
 [INFO] [2018-03-08 17:28:09][org.springframework.context.support.GenericApplicationContext]Refreshing org.springframework.context.support.GenericApplicationContext@234bef66: startup date [Thu Mar 08 17:28:09 CST 2018]; root of context hierarchy
 [INFO] [2018-03-08 17:28:09][org.springframework.beans.factory.config.PropertyPlaceholderConfigurer]Loading properties file from class path resource [jdbc.properties]
 [INFO] [2018-03-08 17:28:09][org.springframework.beans.factory.annotation.AutowiredAnnotationBeanPostProcessor]JSR-330 'javax.inject.Inject' annotation found and supported for autowiring
 [INFO] [2018-03-08 17:28:10][javaEEWeb.testSpringMybatis]名字：jack
 [INFO] [2018-03-08 17:28:10][org.springframework.context.support.GenericApplicationContext]Closing org.springframework.context.support.GenericApplicationContext@234bef66: startup date [Thu Mar 08 17:28:09 CST 2018]; root of context hierarchy
 [INFO] [2018-03-08 17:28:18][org.springframework.context.support.ClassPathXmlApplicationContext]Refreshing org.springframework.context.support.ClassPathXmlApplicationContext@f5f2bb7: startup date [Thu Mar 08 17:28:18 CST 2018]; root of context hierarchy
 [INFO] [2018-03-08 17:28:18][org.springframework.beans.factory.xml.XmlBeanDefinitionReader]Loading XML bean definitions from class path resource [spring-mybatis.xml]
 [INFO] [2018-03-08 17:28:19][org.springframework.beans.factory.config.PropertyPlaceholderConfigurer]Loading properties file from class path resource [jdbc.properties]
 [INFO] [2018-03-08 17:28:19][org.springframework.beans.factory.annotation.AutowiredAnnotationBeanPostProcessor]JSR-330 'javax.inject.Inject' annotation found and supported for autowiring
 [INFO] [2018-03-08 17:28:27][org.springframework.beans.factory.xml.XmlBeanDefinitionReader]Loading XML bean definitions from class path resource [spring-mybatis.xml]
 [INFO] [2018-03-08 17:28:27][org.springframework.context.support.GenericApplicationContext]Refreshing org.springframework.context.support.GenericApplicationContext@234bef66: startup date [Thu Mar 08 17:28:27 CST 2018]; root of context hierarchy
 [INFO] [2018-03-08 17:28:27][org.springframework.beans.factory.config.PropertyPlaceholderConfigurer]Loading properties file from class path resource [jdbc.properties]
 [INFO] [2018-03-08 17:28:27][org.springframework.beans.factory.annotation.AutowiredAnnotationBeanPostProcessor]JSR-330 'javax.inject.Inject' annotation found and supported for autowiring
 [INFO] [2018-03-08 17:28:29][javaEEWeb.testSpringMybatis]名字：jack
 [INFO] [2018-03-08 17:28:29][org.springframework.context.support.GenericApplicationContext]Closing org.springframework.context.support.GenericApplicationContext@234bef66: startup date [Thu Mar 08 17:28:27 CST 2018]; root of context hierarchy
 [INFO] [2018-03-08 17:28:34][org.springframework.context.support.ClassPathXmlApplicationContext]Refreshing org.springframework.context.support.ClassPathXmlApplicationContext@f5f2bb7: startup date [Thu Mar 08 17:28:34 CST 2018]; root of context hierarchy
 [INFO] [2018-03-08 17:28:34][org.springframework.beans.factory.xml.XmlBeanDefinitionReader]Loading XML bean definitions from class path resource [spring-mybatis.xml]
 [INFO] [2018-03-08 17:28:35][org.springframework.beans.factory.config.PropertyPlaceholderConfigurer]Loading properties file from class path resource [jdbc.properties]
 [INFO] [2018-03-08 17:28:35][org.springframework.beans.factory.annotation.AutowiredAnnotationBeanPostProcessor]JSR-330 'javax.inject.Inject' annotation found and supported for autowiring
 [INFO] [2018-03-08 17:31:25][org.springframework.beans.factory.xml.XmlBeanDefinitionReader]Loading XML bean definitions from class path resource [spring-mybatis.xml]
 [INFO] [2018-03-08 17:31:25][org.springframework.context.support.GenericApplicationContext]Refreshing org.springframework.context.support.GenericApplicationContext@234bef66: startup date [Thu Mar 08 17:31:25 CST 2018]; root of context hierarchy
 [INFO] [2018-03-08 17:31:25][org.springframework.beans.factory.config.PropertyPlaceholderConfigurer]Loading properties file from class path resource [jdbc.properties]
 [INFO] [2018-03-08 17:31:25][org.springframework.beans.factory.annotation.AutowiredAnnotationBeanPostProcessor]JSR-330 'javax.inject.Inject' annotation found and supported for autowiring
 [INFO] [2018-03-08 17:31:26][javaEEWeb.testSpringMybatis]名字：jack
 [INFO] [2018-03-08 17:31:26][org.springframework.context.support.GenericApplicationContext]Closing org.springframework.context.support.GenericApplicationContext@234bef66: startup date [Thu Mar 08 17:31:25 CST 2018]; root of context hierarchy
 [INFO] [2018-03-08 17:31:52][org.springframework.context.support.ClassPathXmlApplicationContext]Refreshing org.springframework.context.support.ClassPathXmlApplicationContext@f5f2bb7: startup date [Thu Mar 08 17:31:52 CST 2018]; root of context hierarchy
 [INFO] [2018-03-08 17:31:52][org.springframework.beans.factory.xml.XmlBeanDefinitionReader]Loading XML bean definitions from class path resource [spring-mybatis.xml]
 [INFO] [2018-03-08 17:31:52][org.springframework.beans.factory.config.PropertyPlaceholderConfigurer]Loading properties file from class path resource [jdbc.properties]
 [INFO] [2018-03-08 17:31:52][org.springframework.beans.factory.annotation.AutowiredAnnotationBeanPostProcessor]JSR-330 'javax.inject.Inject' annotation found and supported for autowiring
 